This is pdfTeX, Version 3.141592653-2.6-1.40.22 (MiKTeX 21.6) (preloaded format=latex 2021.8.25)  15 SEP 2021 01:22
entering extended mode
**\makeatletter\def\HCode{\futurelet\HCode\HChar}\def\HChar{\ifx"\HCode\def\HCo
de"##1"{\Link##1}\expandafter\HCode\else\expandafter\Link\fi}\def\Link#1.a.b.c.
{\g@addto@macro\@documentclasshook{\RequirePackage[#1,html]{tex4ht}}\let\HCode\
documentstyle\def\documentstyle{\let\documentstyle\HCode\expandafter\def\csname
 tex4ht\endcsname{#1,html}\def\HCode####1{\documentstyle[tex4ht,}\@ifnextchar[{
\HCode}{\documentstyle[tex4ht]}}}\makeatother\HCode .a.b.c.\input 

*
! Emergency stop.
<*> ...tex4ht]}}}\makeatother\HCode .a.b.c.\input 
                                                  
End of file on the terminal!

 
Here is how much of TeX's memory you used:
 16 strings out of 480808
 316 string characters out of 2900952
 286458 words of memory out of 3000000
 17796 multiletter control sequences out of 15000+600000
 403430 words of font info for 27 fonts, out of 8000000 for 9000
 0 hyphenation exceptions out of 8191
 12i,0n,12p,490b,10s stack positions out of 5000i,500n,10000p,200000b,80000s
No pages of output.
